Starting iocInit
iocRun: All initialization complete
#IsoPlane Start-Up Script
## Set environment variables
< envPaths
epicsEnvSet("IOC","iocIsoPlane")
epicsEnvSet("TOP","C:/EPICS/iocTops/PrincetonSpectro")
epicsEnvSet("ASYN","\\epics/support/asyn")
epicsEnvSet("STREAM","\\epics/support/stream")
epicsEnvSet("EPICS_BASE","\\epics/base")
epicsEnvSet "STREAM_PROTOCOL_PATH" "C:/EPICS/iocTops/PrincetonSpectro/db"
## Change to IOC application's <top> directory
cd "C:/EPICS/iocTops/PrincetonSpectro"
## Register all support components
dbLoadDatabase "dbd/IsoPlane.dbd"
IsoPlane_registerRecordDeviceDriver pdbbase
##Configure communications
drvAsynSerialPortConfigure("IsoPlane","COM3")
asynSetOption("IsoPlane", 0, "baud", "115200")
asynSetOption("IsoPlane", 0, "bits", "8")
asynSetOption("IsoPlane", 0, "parity", "none")
asynSetOption("IsoPlane", 0, "stop", "1")
asynSetOption("IsoPlane", 0, "clocal", "Y")
asynSetOption("IsoPlane", 0, "crtscts", "N")
## Load record instances
dbLoadTemplate("db/IsoPlane.substitutions")
## Initialise IOC instance
cd "C:/EPICS/iocTops/PrincetonSpectro/iocBoot/iocIsoPlane"
dbDumpRecord
record(ao,"MAST:HZDR:IsoPlane:Wavelength") {
	field(DESC,"Set wavelength")
	field(DTYP,"stream")
	field(EGU,"nm")
}
record(ao,"MAST:HZDR:IsoPlane:ScanRate") {
	field(DESC,"Set scan rate")
	field(DTYP,"stream")
	field(EGU,"nm/min")
}
record(ao,"MAST:HZDR:IsoPlane:WavelengthAtRate") {
	field(DESC,"Set Wavelength")
	field(DTYP,"stream")
	field(EGU,"nm/min")
}
record(ao,"MAST:HZDR:IsoPlane:ExitSlitWidth") {
	field(DESC,"Set exit slit widt")
	field(DTYP,"stream")
}
record(ao,"MAST:HZDR:IsoPlane:EntrySlitWidth") {
	field(DESC,"Set entry slit width")
	field(DTYP,"stream")
}
record(ao,"MAST:HZDR:IsoPlane:Grating") {
	field(DESC,"Set grating of Spectrometer")
	field(DTYP,"stream")
}
record(ai,"MAST:HZDR:IsoPlane:Wavelength_RBV") {
	field(DESC,"Current wavelength")
	field(SCAN,"10 second")
	field(PINI,"YES")
	field(DTYP,"stream")
	field(EGU,"nm")
}
record(ai,"MAST:HZDR:IsoPlane:ScanRate_RBV") {
	field(DESC,"Get scan rate")
	field(PINI,"YES")
	field(DTYP,"stream")
	field(EGU,"nm/min")
}
record(ai,"MAST:HZDR:IsoPlane:ExitSlitWidth_RBV") {
	field(DESC,"Get exit slit width")
	field(DTYP,"stream")
}
record(ai,"MAST:HZDR:IsoPlane:EntrySlitWidth_RBV") {
	field(DESC,"Get entry slit width")
	field(PINI,"YES")
	field(DTYP,"stream")
}
record(ai,"MAST:HZDR:IsoPlane:Grating_RBV") {
	field(DESC,"Get grating of Spectrometer")
	field(PINI,"YES")
	field(DTYP,"stream")
}
record(ai,"MAST:HZDR:IsoPlane:Turret_RBV") {
	field(DESC,"Get turret number of Spectrometer")
	field(PINI,"YES")
	field(DTYP,"stream")
}
record(stringin,"MAST:HZDR:IsoPlane:Model_RBV") {
	field(DESC,"Type of Spectrometer")
	field(PINI,"YES")
	field(DTYP,"stream")
}
record(stringin,"MAST:HZDR:IsoPlane:SERIAL_RBV") {
	field(DESC,"Serial number of Spectrometer")
	field(PINI,"YES")
	field(DTYP,"stream")
}
iocInit
############################################################################
## EPICS R7.0.3.1
## EPICS Base built Sep 10 2020
############################################################################
epics> 